{"uid":"824b9a07be7af63","name":"test_add_reverse_contact","fullName":"tests.test_add_api_key#test_add_reverse_contact","historyId":"9cbd822c87c476767cee6cb63e1c3f74","time":{"start":1728741337685,"stop":1728741344032,"duration":6347},"status":"broken","statusMessage":"selenium.common.exceptions.NoSuchElementException: Message: no such element: Unable to locate element: {\"method\":\"xpath\",\"selector\":\"//button[@title='Save']\"}\n  (Session info: chrome=129.0.6668.90); For documentation on this error, please visit: https://www.selenium.dev/documentation/webdriver/troubleshooting/errors#no-such-element-exception\nStacktrace:\n\tGetHandleVerifier [0x00007FF75637B095+29557]\n\t(No symbol) [0x00007FF7562EFA50]\n\t(No symbol) [0x00007FF7561AB56A]\n\t(No symbol) [0x00007FF7561FF695]\n\t(No symbol) [0x00007FF7561FF8EC]\n\t(No symbol) [0x00007FF75624B777]\n\t(No symbol) [0x00007FF7562271CF]\n\t(No symbol) [0x00007FF75624851C]\n\t(No symbol) [0x00007FF756226F33]\n\t(No symbol) [0x00007FF7561F116F]\n\t(No symbol) [0x00007FF7561F22D1]\n\tGetHandleVerifier [0x00007FF7566AC96D+3378253]\n\tGetHandleVerifier [0x00007FF7566F8497+3688311]\n\tGetHandleVerifier [0x00007FF7566ED1CB+3642539]\n\tGetHandleVerifier [0x00007FF75643A6B6+813462]\n\t(No symbol) [0x00007FF7562FAB5F]\n\t(No symbol) [0x00007FF7562F6B74]\n\t(No symbol) [0x00007FF7562F6D10]\n\t(No symbol) [0x00007FF7562E5C1F]\n\tBaseThreadInitThunk [0x00007FFC3D90257D+29]\n\tRtlUserThreadStart [0x00007FFC3EE8AF28+40]","statusTrace":"browser = <selenium.webdriver.chrome.webdriver.WebDriver (session=\"a9574ec36297803e1807a0440dc2f67f\")>\n\n    @pytest.mark.run(order=12)\n    def test_add_reverse_contact(browser):\n        browser.get('http://localhost:8000/home/')\n        time.sleep(2)\n        # move to connectors page\n        browser.find_element(By.XPATH, \"//a[@data-track-id='main-navigation--connectors']\").click()\n        time.sleep(0.5)\n        # click to enrichment\n        browser.find_element(By.XPATH, \"//button[@data-track-id='connectors--add-enrichment']\").click()\n        time.sleep(0.5)\n        # navigate to current enricher\n        rchover = browser.find_element(By.XPATH, \"//span[text()='ReverseContact']\")\n        ActionChains(browser).move_to_element(rchover).click().perform()\n        time.sleep(0.5)\n        # start to creating new key\n        browser.find_element(By.XPATH, \"//button[@title='Add new key']\").click()\n        time.sleep(0.5)\n        # set key name\n        names = [\"reverse key\", \"key reverse.contact\", \"rckey\", \"keyrev\"]\n        browser.find_element(By.XPATH, \"//input[@placeholder='ReverseContact-key']\").send_keys(random.choice(names))\n        # set key value\n        browser.find_element(By.NAME, \"API key\").send_keys(rckey)\n        time.sleep(0.5)\n        # create key\n        browser.find_element(By.XPATH, \"//button[@title='Add']\").click()\n        time.sleep(0.5)\n        # save key\n>       browser.find_element(By.XPATH, \"//button[@title='Save']\").click()\n\ntests\\test_add_api_key.py:74: \n_ _ _ _ _ _ _ _ _ _ _ _ _ _ _ _ _ _ _ _ _ _ _ _ _ _ _ _ _ _ _ _ _ _ _ _ _ _ _ _\nvenv\\lib\\site-packages\\selenium\\webdriver\\remote\\webdriver.py:741: in find_element\n    return self.execute(Command.FIND_ELEMENT, {\"using\": by, \"value\": value})[\"value\"]\nvenv\\lib\\site-packages\\selenium\\webdriver\\remote\\webdriver.py:347: in execute\n    self.error_handler.check_response(response)\n_ _ _ _ _ _ _ _ _ _ _ _ _ _ _ _ _ _ _ _ _ _ _ _ _ _ _ _ _ _ _ _ _ _ _ _ _ _ _ _\n\nself = <selenium.webdriver.remote.errorhandler.ErrorHandler object at 0x000001C9B35ABD00>\nresponse = {'status': 404, 'value': '{\"value\":{\"error\":\"no such element\",\"message\":\"no such element: Unable to locate element: {\\...07FF7562E5C1F]\\\\n\\\\tBaseThreadInitThunk [0x00007FFC3D90257D+29]\\\\n\\\\tRtlUserThreadStart [0x00007FFC3EE8AF28+40]\\\\n\"}}'}\n\n    def check_response(self, response: Dict[str, Any]) -> None:\n        \"\"\"Checks that a JSON response from the WebDriver does not have an\n        error.\n    \n        :Args:\n         - response - The JSON response from the WebDriver server as a dictionary\n           object.\n    \n        :Raises: If the response contains an error message.\n        \"\"\"\n        status = response.get(\"status\", None)\n        if not status or status == ErrorCode.SUCCESS:\n            return\n        value = None\n        message = response.get(\"message\", \"\")\n        screen: str = response.get(\"screen\", \"\")\n        stacktrace = None\n        if isinstance(status, int):\n            value_json = response.get(\"value\", None)\n            if value_json and isinstance(value_json, str):\n                import json\n    \n                try:\n                    value = json.loads(value_json)\n                    if len(value) == 1:\n                        value = value[\"value\"]\n                    status = value.get(\"error\", None)\n                    if not status:\n                        status = value.get(\"status\", ErrorCode.UNKNOWN_ERROR)\n                        message = value.get(\"value\") or value.get(\"message\")\n                        if not isinstance(message, str):\n                            value = message\n                            message = message.get(\"message\")\n                    else:\n                        message = value.get(\"message\", None)\n                except ValueError:\n                    pass\n    \n        exception_class: Type[WebDriverException]\n        e = ErrorCode()\n        error_codes = [item for item in dir(e) if not item.startswith(\"__\")]\n        for error_code in error_codes:\n            error_info = getattr(ErrorCode, error_code)\n            if isinstance(error_info, list) and status in error_info:\n                exception_class = getattr(ExceptionMapping, error_code, WebDriverException)\n                break\n        else:\n            exception_class = WebDriverException\n    \n        if not value:\n            value = response[\"value\"]\n        if isinstance(value, str):\n            raise exception_class(value)\n        if message == \"\" and \"message\" in value:\n            message = value[\"message\"]\n    \n        screen = None  # type: ignore[assignment]\n        if \"screen\" in value:\n            screen = value[\"screen\"]\n    \n        stacktrace = None\n        st_value = value.get(\"stackTrace\") or value.get(\"stacktrace\")\n        if st_value:\n            if isinstance(st_value, str):\n                stacktrace = st_value.split(\"\\n\")\n            else:\n                stacktrace = []\n                try:\n                    for frame in st_value:\n                        line = frame.get(\"lineNumber\", \"\")\n                        file = frame.get(\"fileName\", \"<anonymous>\")\n                        if line:\n                            file = f\"{file}:{line}\"\n                        meth = frame.get(\"methodName\", \"<anonymous>\")\n                        if \"className\" in frame:\n                            meth = f\"{frame['className']}.{meth}\"\n                        msg = \"    at %s (%s)\"\n                        msg = msg % (meth, file)\n                        stacktrace.append(msg)\n                except TypeError:\n                    pass\n        if exception_class == UnexpectedAlertPresentException:\n            alert_text = None\n            if \"data\" in value:\n                alert_text = value[\"data\"].get(\"text\")\n            elif \"alert\" in value:\n                alert_text = value[\"alert\"].get(\"text\")\n            raise exception_class(message, screen, stacktrace, alert_text)  # type: ignore[call-arg]  # mypy is not smart enough here\n>       raise exception_class(message, screen, stacktrace)\nE       selenium.common.exceptions.NoSuchElementException: Message: no such element: Unable to locate element: {\"method\":\"xpath\",\"selector\":\"//button[@title='Save']\"}\nE         (Session info: chrome=129.0.6668.90); For documentation on this error, please visit: https://www.selenium.dev/documentation/webdriver/troubleshooting/errors#no-such-element-exception\nE       Stacktrace:\nE       \tGetHandleVerifier [0x00007FF75637B095+29557]\nE       \t(No symbol) [0x00007FF7562EFA50]\nE       \t(No symbol) [0x00007FF7561AB56A]\nE       \t(No symbol) [0x00007FF7561FF695]\nE       \t(No symbol) [0x00007FF7561FF8EC]\nE       \t(No symbol) [0x00007FF75624B777]\nE       \t(No symbol) [0x00007FF7562271CF]\nE       \t(No symbol) [0x00007FF75624851C]\nE       \t(No symbol) [0x00007FF756226F33]\nE       \t(No symbol) [0x00007FF7561F116F]\nE       \t(No symbol) [0x00007FF7561F22D1]\nE       \tGetHandleVerifier [0x00007FF7566AC96D+3378253]\nE       \tGetHandleVerifier [0x00007FF7566F8497+3688311]\nE       \tGetHandleVerifier [0x00007FF7566ED1CB+3642539]\nE       \tGetHandleVerifier [0x00007FF75643A6B6+813462]\nE       \t(No symbol) [0x00007FF7562FAB5F]\nE       \t(No symbol) [0x00007FF7562F6B74]\nE       \t(No symbol) [0x00007FF7562F6D10]\nE       \t(No symbol) [0x00007FF7562E5C1F]\nE       \tBaseThreadInitThunk [0x00007FFC3D90257D+29]\nE       \tRtlUserThreadStart [0x00007FFC3EE8AF28+40]\n\nvenv\\lib\\site-packages\\selenium\\webdriver\\remote\\errorhandler.py:229: NoSuchElementException","flaky":false,"newFailed":false,"newBroken":false,"newPassed":false,"retriesCount":0,"retriesStatusChange":false,"beforeStages":[{"name":"browser","time":{"start":1728741251856,"stop":1728741258725,"duration":6869},"status":"passed","steps":[],"attachments":[],"parameters":[],"attachmentsCount":0,"shouldDisplayMessage":false,"attachmentStep":false,"hasContent":false,"stepsCount":0}],"afterStages":[{"name":"browser::0","time":{"start":1728741473000,"stop":1728741475129,"duration":2129},"status":"passed","steps":[],"attachments":[],"parameters":[],"attachmentsCount":0,"shouldDisplayMessage":false,"attachmentStep":false,"hasContent":false,"stepsCount":0}],"labels":[{"name":"tag","value":"run(order=12)"},{"name":"parentSuite","value":"tests"},{"name":"suite","value":"test_add_api_key"},{"name":"host","value":"ARMORSAGA"},{"name":"thread","value":"24204-MainThread"},{"name":"framework","value":"pytest"},{"name":"language","value":"cpython3"},{"name":"package","value":"tests.test_add_api_key"},{"name":"resultFormat","value":"allure2"}],"parameters":[],"links":[],"hidden":false,"retry":false,"extra":{"severity":"normal","retries":[],"categories":[{"name":"Test defects","matchedStatuses":[],"flaky":false}],"tags":["run(order=12)"]},"source":"824b9a07be7af63.json","parameterValues":[]}