{"uid":"93e195f36e842c11","name":"test_tutorial_flow5","fullName":"tests.test_check_tutorial_flow#test_tutorial_flow5","historyId":"07aea3bd36e49b20c55830aadaf683e8","time":{"start":1728314261274,"stop":1728314266825,"duration":5551},"status":"failed","statusMessage":"AssertionError: assert '' == 'Continue spe...your segments'\n  \n  - Continue specifying your segments","statusTrace":"browser = <selenium.webdriver.chrome.webdriver.WebDriver (session=\"8d34bef5a67e7f00f298f3ac5493c45f\")>\n\n    @pytest.mark.run(order=5)\n    def test_tutorial_flow5(browser):\n        browser.get('http://localhost:8000/home/')\n        time.sleep(2)\n        browser.find_element(By.XPATH, \"//a[@data-track-id='main-navigation--flows']\").click()\n        time.sleep(1)\n        browser.find_element(By.XPATH, \"//a[@data-track-data='6 | Tutorial 5. Create data segments & cohorts']\").click()\n        time.sleep(1)\n        flow1note2 = browser.find_element(By.XPATH, \"//div[@id='note-899a4973-49fb-44d0-ad60-72fd6e641d8c']\")\n>       assert flow1note2.text == \"Continue specifying your segments\"\nE       AssertionError: assert '' == 'Continue spe...your segments'\nE         \nE         - Continue specifying your segments\n\ntests\\test_check_tutorial_flow.py:88: AssertionError","flaky":false,"newFailed":false,"newBroken":false,"newPassed":false,"retriesCount":0,"retriesStatusChange":false,"beforeStages":[{"name":"browser","time":{"start":1728314236448,"stop":1728314238186,"duration":1738},"status":"passed","steps":[],"attachments":[],"parameters":[],"stepsCount":0,"hasContent":false,"attachmentStep":false,"attachmentsCount":0,"shouldDisplayMessage":false}],"afterStages":[{"name":"browser::0","time":{"start":1728314417271,"stop":1728314419395,"duration":2124},"status":"passed","steps":[],"attachments":[],"parameters":[],"stepsCount":0,"hasContent":false,"attachmentStep":false,"attachmentsCount":0,"shouldDisplayMessage":false}],"labels":[{"name":"tag","value":"run(order=5)"},{"name":"parentSuite","value":"tests"},{"name":"suite","value":"test_check_tutorial_flow"},{"name":"host","value":"ARMORSAGA"},{"name":"thread","value":"6972-MainThread"},{"name":"framework","value":"pytest"},{"name":"language","value":"cpython3"},{"name":"package","value":"tests.test_check_tutorial_flow"},{"name":"resultFormat","value":"allure2"}],"parameters":[],"links":[],"hidden":false,"retry":false,"extra":{"severity":"normal","retries":[],"categories":[{"name":"Product defects","matchedStatuses":[],"flaky":false}],"tags":["run(order=5)"]},"source":"93e195f36e842c11.json","parameterValues":[]}