{"name": "test_tutorial_flow5", "status": "failed", "statusDetails": {"message": "AssertionError: assert '' == 'Continue spe...your segments'\n  \n  - Continue specifying your segments", "trace": "browser = <selenium.webdriver.chrome.webdriver.WebDriver (session=\"8d34bef5a67e7f00f298f3ac5493c45f\")>\n\n    @pytest.mark.run(order=5)\n    def test_tutorial_flow5(browser):\n        browser.get('http://localhost:8000/home/')\n        time.sleep(2)\n        browser.find_element(By.XPATH, \"//a[@data-track-id='main-navigation--flows']\").click()\n        time.sleep(1)\n        browser.find_element(By.XPATH, \"//a[@data-track-data='6 | Tutorial 5. Create data segments & cohorts']\").click()\n        time.sleep(1)\n        flow1note2 = browser.find_element(By.XPATH, \"//div[@id='note-899a4973-49fb-44d0-ad60-72fd6e641d8c']\")\n>       assert flow1note2.text == \"Continue specifying your segments\"\nE       AssertionError: assert '' == 'Continue spe...your segments'\nE         \nE         - Continue specifying your segments\n\ntests\\test_check_tutorial_flow.py:88: AssertionError"}, "start": 1728314261274, "stop": 1728314266825, "uuid": "9298a3d5-32c2-4f36-a1c2-d31d8a007197", "historyId": "07aea3bd36e49b20c55830aadaf683e8", "testCaseId": "07aea3bd36e49b20c55830aadaf683e8", "fullName": "tests.test_check_tutorial_flow#test_tutorial_flow5", "labels": [{"name": "tag", "value": "run(order=5)"}, {"name": "parentSuite", "value": "tests"}, {"name": "suite", "value": "test_check_tutorial_flow"}, {"name": "host", "value": "ARMORSAGA"}, {"name": "thread", "value": "6972-MainThread"}, {"name": "framework", "value": "pytest"}, {"name": "language", "value": "cpython3"}, {"name": "package", "value": "tests.test_check_tutorial_flow"}]}