{"name": "test_external_source_create_snowflake", "status": "broken", "statusDetails": {"message": "selenium.common.exceptions.NoSuchElementException: Message: no such element: Unable to locate element: {\"method\":\"xpath\",\"selector\":\"//span[text()='Му сonnection! v.2']\"}\n  (Session info: chrome=129.0.6668.90); For documentation on this error, please visit: https://www.selenium.dev/documentation/webdriver/troubleshooting/errors#no-such-element-exception\nStacktrace:\n\tGetHandleVerifier [0x00007FF75637B095+29557]\n\t(No symbol) [0x00007FF7562EFA50]\n\t(No symbol) [0x00007FF7561AB56A]\n\t(No symbol) [0x00007FF7561FF695]\n\t(No symbol) [0x00007FF7561FF8EC]\n\t(No symbol) [0x00007FF75624B777]\n\t(No symbol) [0x00007FF7562271CF]\n\t(No symbol) [0x00007FF75624851C]\n\t(No symbol) [0x00007FF756226F33]\n\t(No symbol) [0x00007FF7561F116F]\n\t(No symbol) [0x00007FF7561F22D1]\n\tGetHandleVerifier [0x00007FF7566AC96D+3378253]\n\tGetHandleVerifier [0x00007FF7566F8497+3688311]\n\tGetHandleVerifier [0x00007FF7566ED1CB+3642539]\n\tGetHandleVerifier [0x00007FF75643A6B6+813462]\n\t(No symbol) [0x00007FF7562FAB5F]\n\t(No symbol) [0x00007FF7562F6B74]\n\t(No symbol) [0x00007FF7562F6D10]\n\t(No symbol) [0x00007FF7562E5C1F]\n\tBaseThreadInitThunk [0x00007FFC3D90257D+29]\n\tRtlUserThreadStart [0x00007FFC3EE8AF28+40]", "trace": "browser = <selenium.webdriver.chrome.webdriver.WebDriver (session=\"a9574ec36297803e1807a0440dc2f67f\")>\n\n    @pytest.mark.run(order=10)\n    def test_external_source_create_snowflake(browser):\n        browser.get('http://localhost:8000/home/')\n    \n        buttonwait = WebDriverWait(browser, 20)\n        snowwait = WebDriverWait(browser, 10)\n    \n        time.sleep(1)\n        browser.find_element(By.XPATH, \"//a[@data-track-id='main-navigation--flows']\").click()\n        time.sleep(2)\n        browser.find_element(By.XPATH, \"//button[@title='Create flow']\").click()\n        time.sleep(1)\n        browser.find_element(By.XPATH, \"//button[@data-tooltip-content='Data source']\").click()\n        time.sleep(1)\n        browser.find_element(By.XPATH, \"//span[text()='Upload file']\").click()\n        time.sleep(1)\n>       browser.find_element(By.XPATH, \"//span[text()='Му сonnection! v.2']\").click()\n\ntests\\test_external_source_create.py:51: \n_ _ _ _ _ _ _ _ _ _ _ _ _ _ _ _ _ _ _ _ _ _ _ _ _ _ _ _ _ _ _ _ _ _ _ _ _ _ _ _\nvenv\\lib\\site-packages\\selenium\\webdriver\\remote\\webdriver.py:741: in find_element\n    return self.execute(Command.FIND_ELEMENT, {\"using\": by, \"value\": value})[\"value\"]\nvenv\\lib\\site-packages\\selenium\\webdriver\\remote\\webdriver.py:347: in execute\n    self.error_handler.check_response(response)\n_ _ _ _ _ _ _ _ _ _ _ _ _ _ _ _ _ _ _ _ _ _ _ _ _ _ _ _ _ _ _ _ _ _ _ _ _ _ _ _\n\nself = <selenium.webdriver.remote.errorhandler.ErrorHandler object at 0x000001C9B35ABD00>\nresponse = {'status': 404, 'value': '{\"value\":{\"error\":\"no such element\",\"message\":\"no such element: Unable to locate element: {\\...07FF7562E5C1F]\\\\n\\\\tBaseThreadInitThunk [0x00007FFC3D90257D+29]\\\\n\\\\tRtlUserThreadStart [0x00007FFC3EE8AF28+40]\\\\n\"}}'}\n\n    def check_response(self, response: Dict[str, Any]) -> None:\n        \"\"\"Checks that a JSON response from the WebDriver does not have an\n        error.\n    \n        :Args:\n         - response - The JSON response from the WebDriver server as a dictionary\n           object.\n    \n        :Raises: If the response contains an error message.\n        \"\"\"\n        status = response.get(\"status\", None)\n        if not status or status == ErrorCode.SUCCESS:\n            return\n        value = None\n        message = response.get(\"message\", \"\")\n        screen: str = response.get(\"screen\", \"\")\n        stacktrace = None\n        if isinstance(status, int):\n            value_json = response.get(\"value\", None)\n            if value_json and isinstance(value_json, str):\n                import json\n    \n                try:\n                    value = json.loads(value_json)\n                    if len(value) == 1:\n                        value = value[\"value\"]\n                    status = value.get(\"error\", None)\n                    if not status:\n                        status = value.get(\"status\", ErrorCode.UNKNOWN_ERROR)\n                        message = value.get(\"value\") or value.get(\"message\")\n                        if not isinstance(message, str):\n                            value = message\n                            message = message.get(\"message\")\n                    else:\n                        message = value.get(\"message\", None)\n                except ValueError:\n                    pass\n    \n        exception_class: Type[WebDriverException]\n        e = ErrorCode()\n        error_codes = [item for item in dir(e) if not item.startswith(\"__\")]\n        for error_code in error_codes:\n            error_info = getattr(ErrorCode, error_code)\n            if isinstance(error_info, list) and status in error_info:\n                exception_class = getattr(ExceptionMapping, error_code, WebDriverException)\n                break\n        else:\n            exception_class = WebDriverException\n    \n        if not value:\n            value = response[\"value\"]\n        if isinstance(value, str):\n            raise exception_class(value)\n        if message == \"\" and \"message\" in value:\n            message = value[\"message\"]\n    \n        screen = None  # type: ignore[assignment]\n        if \"screen\" in value:\n            screen = value[\"screen\"]\n    \n        stacktrace = None\n        st_value = value.get(\"stackTrace\") or value.get(\"stacktrace\")\n        if st_value:\n            if isinstance(st_value, str):\n                stacktrace = st_value.split(\"\\n\")\n            else:\n                stacktrace = []\n                try:\n                    for frame in st_value:\n                        line = frame.get(\"lineNumber\", \"\")\n                        file = frame.get(\"fileName\", \"<anonymous>\")\n                        if line:\n                            file = f\"{file}:{line}\"\n                        meth = frame.get(\"methodName\", \"<anonymous>\")\n                        if \"className\" in frame:\n                            meth = f\"{frame['className']}.{meth}\"\n                        msg = \"    at %s (%s)\"\n                        msg = msg % (meth, file)\n                        stacktrace.append(msg)\n                except TypeError:\n                    pass\n        if exception_class == UnexpectedAlertPresentException:\n            alert_text = None\n            if \"data\" in value:\n                alert_text = value[\"data\"].get(\"text\")\n            elif \"alert\" in value:\n                alert_text = value[\"alert\"].get(\"text\")\n            raise exception_class(message, screen, stacktrace, alert_text)  # type: ignore[call-arg]  # mypy is not smart enough here\n>       raise exception_class(message, screen, stacktrace)\nE       selenium.common.exceptions.NoSuchElementException: Message: no such element: Unable to locate element: {\"method\":\"xpath\",\"selector\":\"//span[text()='Му сonnection! v.2']\"}\nE         (Session info: chrome=129.0.6668.90); For documentation on this error, please visit: https://www.selenium.dev/documentation/webdriver/troubleshooting/errors#no-such-element-exception\nE       Stacktrace:\nE       \tGetHandleVerifier [0x00007FF75637B095+29557]\nE       \t(No symbol) [0x00007FF7562EFA50]\nE       \t(No symbol) [0x00007FF7561AB56A]\nE       \t(No symbol) [0x00007FF7561FF695]\nE       \t(No symbol) [0x00007FF7561FF8EC]\nE       \t(No symbol) [0x00007FF75624B777]\nE       \t(No symbol) [0x00007FF7562271CF]\nE       \t(No symbol) [0x00007FF75624851C]\nE       \t(No symbol) [0x00007FF756226F33]\nE       \t(No symbol) [0x00007FF7561F116F]\nE       \t(No symbol) [0x00007FF7561F22D1]\nE       \tGetHandleVerifier [0x00007FF7566AC96D+3378253]\nE       \tGetHandleVerifier [0x00007FF7566F8497+3688311]\nE       \tGetHandleVerifier [0x00007FF7566ED1CB+3642539]\nE       \tGetHandleVerifier [0x00007FF75643A6B6+813462]\nE       \t(No symbol) [0x00007FF7562FAB5F]\nE       \t(No symbol) [0x00007FF7562F6B74]\nE       \t(No symbol) [0x00007FF7562F6D10]\nE       \t(No symbol) [0x00007FF7562E5C1F]\nE       \tBaseThreadInitThunk [0x00007FFC3D90257D+29]\nE       \tRtlUserThreadStart [0x00007FFC3EE8AF28+40]\n\nvenv\\lib\\site-packages\\selenium\\webdriver\\remote\\errorhandler.py:229: NoSuchElementException"}, "start": 1728741323884, "stop": 1728741330826, "uuid": "6718183d-b926-4f80-ab6a-94a4b68a24c2", "historyId": "2d904f4b42ad61db5cd841738e904322", "testCaseId": "2d904f4b42ad61db5cd841738e904322", "fullName": "tests.test_external_source_create#test_external_source_create_snowflake", "labels": [{"name": "tag", "value": "run(order=10)"}, {"name": "parentSuite", "value": "tests"}, {"name": "suite", "value": "test_external_source_create"}, {"name": "host", "value": "ARMORSAGA"}, {"name": "thread", "value": "24204-MainThread"}, {"name": "framework", "value": "pytest"}, {"name": "language", "value": "cpython3"}, {"name": "package", "value": "tests.test_external_source_create"}]}