{"name": "test_rename_node", "status": "broken", "statusDetails": {"message": "selenium.common.exceptions.NoSuchElementException: Message: no such element: Unable to locate element: {\"method\":\"xpath\",\"selector\":\"//a[@data-track-data='10 | Tutorial 1. Add, rename, delete columns']\"}\n  (Session info: chrome=129.0.6668.90); For documentation on this error, please visit: https://www.selenium.dev/documentation/webdriver/troubleshooting/errors#no-such-element-exception\nStacktrace:\n\tGetHandleVerifier [0x00007FF6C9F8B645+29573]\n\t(No symbol) [0x00007FF6C9F00470]\n\t(No symbol) [0x00007FF6C9DBB6EA]\n\t(No symbol) [0x00007FF6C9E0F815]\n\t(No symbol) [0x00007FF6C9E0FA6C]\n\t(No symbol) [0x00007FF6C9E5B917]\n\t(No symbol) [0x00007FF6C9E3733F]\n\t(No symbol) [0x00007FF6C9E586BC]\n\t(No symbol) [0x00007FF6C9E370A3]\n\t(No symbol) [0x00007FF6C9E012DF]\n\t(No symbol) [0x00007FF6C9E02441]\n\tGetHandleVerifier [0x00007FF6CA2BC58D+3375821]\n\tGetHandleVerifier [0x00007FF6CA307987+3684039]\n\tGetHandleVerifier [0x00007FF6CA2FCDAB+3640043]\n\tGetHandleVerifier [0x00007FF6CA04B7C6+816390]\n\t(No symbol) [0x00007FF6C9F0B77F]\n\t(No symbol) [0x00007FF6C9F075A4]\n\t(No symbol) [0x00007FF6C9F07740]\n\t(No symbol) [0x00007FF6C9EF659F]\n\tBaseThreadInitThunk [0x00007FFF6C04257D+29]\n\tRtlUserThreadStart [0x00007FFF6CB8AF28+40]", "trace": "browser = <selenium.webdriver.chrome.webdriver.WebDriver (session=\"8d34bef5a67e7f00f298f3ac5493c45f\")>\n\n    def test_rename_node(browser):\n        browser.get('http://localhost:8000/home/')\n        time.sleep(1)\n>       browser.find_element(By.XPATH, \"//a[@data-track-data='10 | Tutorial 1. Add, rename, delete columns']\").click()\n\ntests\\test_rename_flow.py:44: \n_ _ _ _ _ _ _ _ _ _ _ _ _ _ _ _ _ _ _ _ _ _ _ _ _ _ _ _ _ _ _ _ _ _ _ _ _ _ _ _ _ _ _ _ _ _ _ _ _ _ _ _ _ _ _ _ _ _ _ _ _ _ _ _ _ _ _ _ _ _ _ _ _ _ _ _ _ _ _ _ _ _ _ _ _ _ _ _ _ _ _ _ _ _ _ _ _ _ _ _ _ _ _ _ _ _ _ _ _ _ _ _ _ _ _ _ _ _ _ _ _ _ _ _ _ _ _ _ _ _ _ _ _ _ _ _ _ _ _ _ _ _ _ _ _ _ _ _ _ _ _ _ _ _\nvenv\\lib\\site-packages\\selenium\\webdriver\\remote\\webdriver.py:741: in find_element\n    return self.execute(Command.FIND_ELEMENT, {\"using\": by, \"value\": value})[\"value\"]\nvenv\\lib\\site-packages\\selenium\\webdriver\\remote\\webdriver.py:347: in execute\n    self.error_handler.check_response(response)\n_ _ _ _ _ _ _ _ _ _ _ _ _ _ _ _ _ _ _ _ _ _ _ _ _ _ _ _ _ _ _ _ _ _ _ _ _ _ _ _ _ _ _ _ _ _ _ _ _ _ _ _ _ _ _ _ _ _ _ _ _ _ _ _ _ _ _ _ _ _ _ _ _ _ _ _ _ _ _ _ _ _ _ _ _ _ _ _ _ _ _ _ _ _ _ _ _ _ _ _ _ _ _ _ _ _ _ _ _ _ _ _ _ _ _ _ _ _ _ _ _ _ _ _ _ _ _ _ _ _ _ _ _ _ _ _ _ _ _ _ _ _ _ _ _ _ _ _ _ _ _ _ _ _\n\nself = <selenium.webdriver.remote.errorhandler.ErrorHandler object at 0x000001EB8DA0D7C0>\nresponse = {'status': 404, 'value': '{\"value\":{\"error\":\"no such element\",\"message\":\"no such element: Unable to locate element: {\\...07FF6C9EF659F]\\\\n\\\\tBaseThreadInitThunk [0x00007FFF6C04257D+29]\\\\n\\\\tRtlUserThreadStart [0x00007FFF6CB8AF28+40]\\\\n\"}}'}\n\n    def check_response(self, response: Dict[str, Any]) -> None:\n        \"\"\"Checks that a JSON response from the WebDriver does not have an\n        error.\n    \n        :Args:\n         - response - The JSON response from the WebDriver server as a dictionary\n           object.\n    \n        :Raises: If the response contains an error message.\n        \"\"\"\n        status = response.get(\"status\", None)\n        if not status or status == ErrorCode.SUCCESS:\n            return\n        value = None\n        message = response.get(\"message\", \"\")\n        screen: str = response.get(\"screen\", \"\")\n        stacktrace = None\n        if isinstance(status, int):\n            value_json = response.get(\"value\", None)\n            if value_json and isinstance(value_json, str):\n                import json\n    \n                try:\n                    value = json.loads(value_json)\n                    if len(value) == 1:\n                        value = value[\"value\"]\n                    status = value.get(\"error\", None)\n                    if not status:\n                        status = value.get(\"status\", ErrorCode.UNKNOWN_ERROR)\n                        message = value.get(\"value\") or value.get(\"message\")\n                        if not isinstance(message, str):\n                            value = message\n                            message = message.get(\"message\")\n                    else:\n                        message = value.get(\"message\", None)\n                except ValueError:\n                    pass\n    \n        exception_class: Type[WebDriverException]\n        e = ErrorCode()\n        error_codes = [item for item in dir(e) if not item.startswith(\"__\")]\n        for error_code in error_codes:\n            error_info = getattr(ErrorCode, error_code)\n            if isinstance(error_info, list) and status in error_info:\n                exception_class = getattr(ExceptionMapping, error_code, WebDriverException)\n                break\n        else:\n            exception_class = WebDriverException\n    \n        if not value:\n            value = response[\"value\"]\n        if isinstance(value, str):\n            raise exception_class(value)\n        if message == \"\" and \"message\" in value:\n            message = value[\"message\"]\n    \n        screen = None  # type: ignore[assignment]\n        if \"screen\" in value:\n            screen = value[\"screen\"]\n    \n        stacktrace = None\n        st_value = value.get(\"stackTrace\") or value.get(\"stacktrace\")\n        if st_value:\n            if isinstance(st_value, str):\n                stacktrace = st_value.split(\"\\n\")\n            else:\n                stacktrace = []\n                try:\n                    for frame in st_value:\n                        line = frame.get(\"lineNumber\", \"\")\n                        file = frame.get(\"fileName\", \"<anonymous>\")\n                        if line:\n                            file = f\"{file}:{line}\"\n                        meth = frame.get(\"methodName\", \"<anonymous>\")\n                        if \"className\" in frame:\n                            meth = f\"{frame['className']}.{meth}\"\n                        msg = \"    at %s (%s)\"\n                        msg = msg % (meth, file)\n                        stacktrace.append(msg)\n                except TypeError:\n                    pass\n        if exception_class == UnexpectedAlertPresentException:\n            alert_text = None\n            if \"data\" in value:\n                alert_text = value[\"data\"].get(\"text\")\n            elif \"alert\" in value:\n                alert_text = value[\"alert\"].get(\"text\")\n            raise exception_class(message, screen, stacktrace, alert_text)  # type: ignore[call-arg]  # mypy is not smart enough here\n>       raise exception_class(message, screen, stacktrace)\nE       selenium.common.exceptions.NoSuchElementException: Message: no such element: Unable to locate element: {\"method\":\"xpath\",\"selector\":\"//a[@data-track-data='10 | Tutorial 1. Add, rename, delete columns']\"}\nE         (Session info: chrome=129.0.6668.90); For documentation on this error, please visit: https://www.selenium.dev/documentation/webdriver/troubleshooting/errors#no-such-element-exception\nE       Stacktrace:\nE       \tGetHandleVerifier [0x00007FF6C9F8B645+29573]\nE       \t(No symbol) [0x00007FF6C9F00470]\nE       \t(No symbol) [0x00007FF6C9DBB6EA]\nE       \t(No symbol) [0x00007FF6C9E0F815]\nE       \t(No symbol) [0x00007FF6C9E0FA6C]\nE       \t(No symbol) [0x00007FF6C9E5B917]\nE       \t(No symbol) [0x00007FF6C9E3733F]\nE       \t(No symbol) [0x00007FF6C9E586BC]\nE       \t(No symbol) [0x00007FF6C9E370A3]\nE       \t(No symbol) [0x00007FF6C9E012DF]\nE       \t(No symbol) [0x00007FF6C9E02441]\nE       \tGetHandleVerifier [0x00007FF6CA2BC58D+3375821]\nE       \tGetHandleVerifier [0x00007FF6CA307987+3684039]\nE       \tGetHandleVerifier [0x00007FF6CA2FCDAB+3640043]\nE       \tGetHandleVerifier [0x00007FF6CA04B7C6+816390]\nE       \t(No symbol) [0x00007FF6C9F0B77F]\nE       \t(No symbol) [0x00007FF6C9F075A4]\nE       \t(No symbol) [0x00007FF6C9F07740]\nE       \t(No symbol) [0x00007FF6C9EF659F]\nE       \tBaseThreadInitThunk [0x00007FFF6C04257D+29]\nE       \tRtlUserThreadStart [0x00007FFF6CB8AF28+40]\n\nvenv\\lib\\site-packages\\selenium\\webdriver\\remote\\errorhandler.py:229: NoSuchElementException"}, "start": 1728314415100, "stop": 1728314417247, "uuid": "a4b5235b-59d8-45f5-af85-d7f27222fd9a", "historyId": "e0641790eed6fe30bf4d4113bff2ca04", "testCaseId": "e0641790eed6fe30bf4d4113bff2ca04", "fullName": "tests.test_rename_flow#test_rename_node", "labels": [{"name": "parentSuite", "value": "tests"}, {"name": "suite", "value": "test_rename_flow"}, {"name": "host", "value": "ARMORSAGA"}, {"name": "thread", "value": "6972-MainThread"}, {"name": "framework", "value": "pytest"}, {"name": "language", "value": "cpython3"}, {"name": "package", "value": "tests.test_rename_flow"}]}