{"uid":"4b4757e66a1912dae1a509f688f20b0f","name":"categories","children":[{"name":"Test defects","children":[{"name":"selenium.common.exceptions.NoSuchElementException: Message: no such element: Unable to locate element: {\"method\":\"xpath\",\"selector\":\"//button[@title='Му сonnection!']\"}\n  (Session info: chrome=129.0.6668.90); For documentation on this error, please visit: https://www.selenium.dev/documentation/webdriver/troubleshooting/errors#no-such-element-exception\nStacktrace:\n\tGetHandleVerifier [0x00007FF75637B095+29557]\n\t(No symbol) [0x00007FF7562EFA50]\n\t(No symbol) [0x00007FF7561AB56A]\n\t(No symbol) [0x00007FF7561FF695]\n\t(No symbol) [0x00007FF7561FF8EC]\n\t(No symbol) [0x00007FF75624B777]\n\t(No symbol) [0x00007FF7562271CF]\n\t(No symbol) [0x00007FF75624851C]\n\t(No symbol) [0x00007FF756226F33]\n\t(No symbol) [0x00007FF7561F116F]\n\t(No symbol) [0x00007FF7561F22D1]\n\tGetHandleVerifier [0x00007FF7566AC96D+3378253]\n\tGetHandleVerifier [0x00007FF7566F8497+3688311]\n\tGetHandleVerifier [0x00007FF7566ED1CB+3642539]\n\tGetHandleVerifier [0x00007FF75643A6B6+813462]\n\t(No symbol) [0x00007FF7562FAB5F]\n\t(No symbol) [0x00007FF7562F6B74]\n\t(No symbol) [0x00007FF7562F6D10]\n\t(No symbol) [0x00007FF7562E5C1F]\n\tBaseThreadInitThunk [0x00007FFC3D90257D+29]\n\tRtlUserThreadStart [0x00007FFC3EE8AF28+40]","children":[{"name":"test_external_source_create_postgres","uid":"f0dd5c161fd3c4af","parentUid":"1cf42f71670c33a3847f7ed3b5b59de5","status":"broken","time":{"start":1728741313333,"stop":1728741323748,"duration":10415},"flaky":false,"newFailed":false,"newPassed":false,"newBroken":false,"retriesCount":0,"retriesStatusChange":false,"parameters":[],"tags":["run(order=9)"]}],"uid":"1cf42f71670c33a3847f7ed3b5b59de5"},{"name":"selenium.common.exceptions.NoSuchElementException: Message: no such element: Unable to locate element: {\"method\":\"xpath\",\"selector\":\"//span[text()='Му сonnection! v.2']\"}\n  (Session info: chrome=129.0.6668.90); For documentation on this error, please visit: https://www.selenium.dev/documentation/webdriver/troubleshooting/errors#no-such-element-exception\nStacktrace:\n\tGetHandleVerifier [0x00007FF75637B095+29557]\n\t(No symbol) [0x00007FF7562EFA50]\n\t(No symbol) [0x00007FF7561AB56A]\n\t(No symbol) [0x00007FF7561FF695]\n\t(No symbol) [0x00007FF7561FF8EC]\n\t(No symbol) [0x00007FF75624B777]\n\t(No symbol) [0x00007FF7562271CF]\n\t(No symbol) [0x00007FF75624851C]\n\t(No symbol) [0x00007FF756226F33]\n\t(No symbol) [0x00007FF7561F116F]\n\t(No symbol) [0x00007FF7561F22D1]\n\tGetHandleVerifier [0x00007FF7566AC96D+3378253]\n\tGetHandleVerifier [0x00007FF7566F8497+3688311]\n\tGetHandleVerifier [0x00007FF7566ED1CB+3642539]\n\tGetHandleVerifier [0x00007FF75643A6B6+813462]\n\t(No symbol) [0x00007FF7562FAB5F]\n\t(No symbol) [0x00007FF7562F6B74]\n\t(No symbol) [0x00007FF7562F6D10]\n\t(No symbol) [0x00007FF7562E5C1F]\n\tBaseThreadInitThunk [0x00007FFC3D90257D+29]\n\tRtlUserThreadStart [0x00007FFC3EE8AF28+40]","children":[{"name":"test_external_source_create_snowflake","uid":"9996d2ba5e1606da","parentUid":"4338819ff257f7cfc3b4d80aa473e2fd","status":"broken","time":{"start":1728741323884,"stop":1728741330826,"duration":6942},"flaky":false,"newFailed":false,"newPassed":false,"newBroken":false,"retriesCount":0,"retriesStatusChange":false,"parameters":[],"tags":["run(order=10)"]}],"uid":"4338819ff257f7cfc3b4d80aa473e2fd"},{"name":"selenium.common.exceptions.NoSuchElementException: Message: no such element: Unable to locate element: {\"method\":\"xpath\",\"selector\":\"//button[@title='Save']\"}\n  (Session info: chrome=129.0.6668.90); For documentation on this error, please visit: https://www.selenium.dev/documentation/webdriver/troubleshooting/errors#no-such-element-exception\nStacktrace:\n\tGetHandleVerifier [0x00007FF75637B095+29557]\n\t(No symbol) [0x00007FF7562EFA50]\n\t(No symbol) [0x00007FF7561AB56A]\n\t(No symbol) [0x00007FF7561FF695]\n\t(No symbol) [0x00007FF7561FF8EC]\n\t(No symbol) [0x00007FF75624B777]\n\t(No symbol) [0x00007FF7562271CF]\n\t(No symbol) [0x00007FF75624851C]\n\t(No symbol) [0x00007FF756226F33]\n\t(No symbol) [0x00007FF7561F116F]\n\t(No symbol) [0x00007FF7561F22D1]\n\tGetHandleVerifier [0x00007FF7566AC96D+3378253]\n\tGetHandleVerifier [0x00007FF7566F8497+3688311]\n\tGetHandleVerifier [0x00007FF7566ED1CB+3642539]\n\tGetHandleVerifier [0x00007FF75643A6B6+813462]\n\t(No symbol) [0x00007FF7562FAB5F]\n\t(No symbol) [0x00007FF7562F6B74]\n\t(No symbol) [0x00007FF7562F6D10]\n\t(No symbol) [0x00007FF7562E5C1F]\n\tBaseThreadInitThunk [0x00007FFC3D90257D+29]\n\tRtlUserThreadStart [0x00007FFC3EE8AF28+40]","children":[{"name":"test_add_apollo","uid":"6027b6ec2b0889cd","parentUid":"397e6c0d7ba9359bd217d21fc577868a","status":"broken","time":{"start":1728741330843,"stop":1728741337665,"duration":6822},"flaky":false,"newFailed":false,"newPassed":false,"newBroken":false,"retriesCount":0,"retriesStatusChange":false,"parameters":[],"tags":["run(order=11)"]},{"name":"test_add_reverse_contact","uid":"824b9a07be7af63","parentUid":"397e6c0d7ba9359bd217d21fc577868a","status":"broken","time":{"start":1728741337685,"stop":1728741344032,"duration":6347},"flaky":false,"newFailed":false,"newPassed":false,"newBroken":false,"retriesCount":0,"retriesStatusChange":false,"parameters":[],"tags":["run(order=12)"]},{"name":"test_add_contactout","uid":"9efebad9ea17c3e3","parentUid":"397e6c0d7ba9359bd217d21fc577868a","status":"broken","time":{"start":1728741344051,"stop":1728741350274,"duration":6223},"flaky":false,"newFailed":false,"newPassed":false,"newBroken":false,"retriesCount":0,"retriesStatusChange":false,"parameters":[],"tags":["run(order=13)"]},{"name":"test_add_hunter","uid":"5b42dad959c057ab","parentUid":"397e6c0d7ba9359bd217d21fc577868a","status":"broken","time":{"start":1728741350293,"stop":1728741359002,"duration":8709},"flaky":false,"newFailed":false,"newPassed":false,"newBroken":false,"retriesCount":0,"retriesStatusChange":false,"parameters":[],"tags":["run(order=14)"]}],"uid":"397e6c0d7ba9359bd217d21fc577868a"},{"name":"selenium.common.exceptions.ElementNotInteractableException: Message: element not interactable\n  (Session info: chrome=129.0.6668.90)\nStacktrace:\n\tGetHandleVerifier [0x00007FF75637B095+29557]\n\t(No symbol) [0x00007FF7562EFA50]\n\t(No symbol) [0x00007FF7561AB399]\n\t(No symbol) [0x00007FF756200B0F]\n\t(No symbol) [0x00007FF7561F354E]\n\t(No symbol) [0x00007FF75622718A]\n\t(No symbol) [0x00007FF7561F2E86]\n\t(No symbol) [0x00007FF7562273A0]\n\t(No symbol) [0x00007FF75624851C]\n\t(No symbol) [0x00007FF756226F33]\n\t(No symbol) [0x00007FF7561F116F]\n\t(No symbol) [0x00007FF7561F22D1]\n\tGetHandleVerifier [0x00007FF7566AC96D+3378253]\n\tGetHandleVerifier [0x00007FF7566F8497+3688311]\n\tGetHandleVerifier [0x00007FF7566ED1CB+3642539]\n\tGetHandleVerifier [0x00007FF75643A6B6+813462]\n\t(No symbol) [0x00007FF7562FAB5F]\n\t(No symbol) [0x00007FF7562F6B74]\n\t(No symbol) [0x00007FF7562F6D10]\n\t(No symbol) [0x00007FF7562E5C1F]\n\tBaseThreadInitThunk [0x00007FFC3D90257D+29]\n\tRtlUserThreadStart [0x00007FFC3EE8AF28+40]","children":[{"name":"test_create_enrich_flow","uid":"b454dd6c4ef22784","parentUid":"89fcdd0a30cc3379734eeb2195105156","status":"broken","time":{"start":1728741449086,"stop":1728741461411,"duration":12325},"flaky":false,"newFailed":false,"newPassed":false,"newBroken":false,"retriesCount":0,"retriesStatusChange":false,"parameters":[],"tags":[]}],"uid":"89fcdd0a30cc3379734eeb2195105156"}],"uid":"bdbf199525818fae7a8651db9eafe741"}]}