{"07aea3bd36e49b20c55830aadaf683e8":{"statistic":{"failed":0,"broken":0,"skipped":0,"passed":1,"unknown":0,"total":1},"items":[{"uid":"9e76db141c23d1d0","status":"passed","time":{"start":1728741293524,"stop":1728741298520,"duration":4996}}]},"e0641790eed6fe30bf4d4113bff2ca04":{"statistic":{"failed":0,"broken":0,"skipped":0,"passed":1,"unknown":0,"total":1},"items":[{"uid":"802817ee9f1840b1","status":"passed","time":{"start":1728741468414,"stop":1728741472999,"duration":4585}}]},"1fef6d89dc756f6399ce2beed5c5c08f":{"statistic":{"failed":0,"broken":1,"skipped":0,"passed":0,"unknown":0,"total":1},"items":[{"uid":"5b42dad959c057ab","status":"broken","statusDetails":"selenium.common.exceptions.NoSuchElementException: Message: no such element: Unable to locate element: {\"method\":\"xpath\",\"selector\":\"//button[@title='Save']\"}\n  (Session info: chrome=129.0.6668.90); For documentation on this error, please visit: https://www.selenium.dev/documentation/webdriver/troubleshooting/errors#no-such-element-exception\nStacktrace:\n\tGetHandleVerifier [0x00007FF75637B095+29557]\n\t(No symbol) [0x00007FF7562EFA50]\n\t(No symbol) [0x00007FF7561AB56A]\n\t(No symbol) [0x00007FF7561FF695]\n\t(No symbol) [0x00007FF7561FF8EC]\n\t(No symbol) [0x00007FF75624B777]\n\t(No symbol) [0x00007FF7562271CF]\n\t(No symbol) [0x00007FF75624851C]\n\t(No symbol) [0x00007FF756226F33]\n\t(No symbol) [0x00007FF7561F116F]\n\t(No symbol) [0x00007FF7561F22D1]\n\tGetHandleVerifier [0x00007FF7566AC96D+3378253]\n\tGetHandleVerifier [0x00007FF7566F8497+3688311]\n\tGetHandleVerifier [0x00007FF7566ED1CB+3642539]\n\tGetHandleVerifier [0x00007FF75643A6B6+813462]\n\t(No symbol) [0x00007FF7562FAB5F]\n\t(No symbol) [0x00007FF7562F6B74]\n\t(No symbol) [0x00007FF7562F6D10]\n\t(No symbol) [0x00007FF7562E5C1F]\n\tBaseThreadInitThunk [0x00007FFC3D90257D+29]\n\tRtlUserThreadStart [0x00007FFC3EE8AF28+40]","time":{"start":1728741350293,"stop":1728741359002,"duration":8709}}]},"e8ea2d4dda43ca0704e701c3847f2702":{"statistic":{"failed":0,"broken":0,"skipped":0,"passed":1,"unknown":0,"total":1},"items":[{"uid":"646b3c5a9a549956","status":"passed","time":{"start":1728741298522,"stop":1728741304010,"duration":5488}}]},"9b70641b199d98ce3b9da33b8dc47051":{"statistic":{"failed":0,"broken":0,"skipped":0,"passed":1,"unknown":0,"total":1},"items":[{"uid":"376422cfd4b3dcc7","status":"passed","time":{"start":1728741384505,"stop":1728741398237,"duration":13732}}]},"e4dd74900f0a5e406f8e7e10e6d8f463":{"statistic":{"failed":0,"broken":0,"skipped":0,"passed":1,"unknown":0,"total":1},"items":[{"uid":"a700670eee39ee98","status":"passed","time":{"start":1728741304011,"stop":1728741310539,"duration":6528}}]},"1af09d52a3b1b257bf2ed00f6da6c663":{"statistic":{"failed":0,"broken":0,"skipped":0,"passed":1,"unknown":0,"total":1},"items":[{"uid":"26aa10118184cab0","status":"passed","time":{"start":1728741258726,"stop":1728741272806,"duration":14080}}]},"29e79ccecf55ad1d2458c6455d5e7168":{"statistic":{"failed":0,"broken":0,"skipped":0,"passed":1,"unknown":0,"total":1},"items":[{"uid":"d5b966488b9d2c50","status":"passed","time":{"start":1728741369972,"stop":1728741384504,"duration":14532}}]},"2a3e9ce075aeecaff26cf94f4cb01b3b":{"statistic":{"failed":0,"broken":0,"skipped":0,"passed":1,"unknown":0,"total":1},"items":[{"uid":"8d65ea87a06ec711","status":"passed","time":{"start":1728741279345,"stop":1728741286752,"duration":7407}}]},"26b69a199c6a063ab499e371689159cc":{"statistic":{"failed":0,"broken":0,"skipped":0,"passed":1,"unknown":0,"total":1},"items":[{"uid":"4b45b9e7d86dae2b","status":"passed","time":{"start":1728741416960,"stop":1728741449084,"duration":32124}}]},"e76c272966b967109d091bf05fdd4c4e":{"statistic":{"failed":0,"broken":1,"skipped":0,"passed":0,"unknown":0,"total":1},"items":[{"uid":"b454dd6c4ef22784","status":"broken","statusDetails":"selenium.common.exceptions.ElementNotInteractableException: Message: element not interactable\n  (Session info: chrome=129.0.6668.90)\nStacktrace:\n\tGetHandleVerifier [0x00007FF75637B095+29557]\n\t(No symbol) [0x00007FF7562EFA50]\n\t(No symbol) [0x00007FF7561AB399]\n\t(No symbol) [0x00007FF756200B0F]\n\t(No symbol) [0x00007FF7561F354E]\n\t(No symbol) [0x00007FF75622718A]\n\t(No symbol) [0x00007FF7561F2E86]\n\t(No symbol) [0x00007FF7562273A0]\n\t(No symbol) [0x00007FF75624851C]\n\t(No symbol) [0x00007FF756226F33]\n\t(No symbol) [0x00007FF7561F116F]\n\t(No symbol) [0x00007FF7561F22D1]\n\tGetHandleVerifier [0x00007FF7566AC96D+3378253]\n\tGetHandleVerifier [0x00007FF7566F8497+3688311]\n\tGetHandleVerifier [0x00007FF7566ED1CB+3642539]\n\tGetHandleVerifier [0x00007FF75643A6B6+813462]\n\t(No symbol) [0x00007FF7562FAB5F]\n\t(No symbol) [0x00007FF7562F6B74]\n\t(No symbol) [0x00007FF7562F6D10]\n\t(No symbol) [0x00007FF7562E5C1F]\n\tBaseThreadInitThunk [0x00007FFC3D90257D+29]\n\tRtlUserThreadStart [0x00007FFC3EE8AF28+40]","time":{"start":1728741449086,"stop":1728741461411,"duration":12325}}]},"1621dd0b427395c194ea01d2eaf712a3":{"statistic":{"failed":0,"broken":1,"skipped":0,"passed":0,"unknown":0,"total":1},"items":[{"uid":"6027b6ec2b0889cd","status":"broken","statusDetails":"selenium.common.exceptions.NoSuchElementException: Message: no such element: Unable to locate element: {\"method\":\"xpath\",\"selector\":\"//button[@title='Save']\"}\n  (Session info: chrome=129.0.6668.90); For documentation on this error, please visit: https://www.selenium.dev/documentation/webdriver/troubleshooting/errors#no-such-element-exception\nStacktrace:\n\tGetHandleVerifier [0x00007FF75637B095+29557]\n\t(No symbol) [0x00007FF7562EFA50]\n\t(No symbol) [0x00007FF7561AB56A]\n\t(No symbol) [0x00007FF7561FF695]\n\t(No symbol) [0x00007FF7561FF8EC]\n\t(No symbol) [0x00007FF75624B777]\n\t(No symbol) [0x00007FF7562271CF]\n\t(No symbol) [0x00007FF75624851C]\n\t(No symbol) [0x00007FF756226F33]\n\t(No symbol) [0x00007FF7561F116F]\n\t(No symbol) [0x00007FF7561F22D1]\n\tGetHandleVerifier [0x00007FF7566AC96D+3378253]\n\tGetHandleVerifier [0x00007FF7566F8497+3688311]\n\tGetHandleVerifier [0x00007FF7566ED1CB+3642539]\n\tGetHandleVerifier [0x00007FF75643A6B6+813462]\n\t(No symbol) [0x00007FF7562FAB5F]\n\t(No symbol) [0x00007FF7562F6B74]\n\t(No symbol) [0x00007FF7562F6D10]\n\t(No symbol) [0x00007FF7562E5C1F]\n\tBaseThreadInitThunk [0x00007FFC3D90257D+29]\n\tRtlUserThreadStart [0x00007FFC3EE8AF28+40]","time":{"start":1728741330843,"stop":1728741337665,"duration":6822}}]},"ae9870071206575903c6547265acad4d":{"statistic":{"failed":0,"broken":0,"skipped":0,"passed":1,"unknown":0,"total":1},"items":[{"uid":"ac0020b9347c5152","status":"passed","time":{"start":1728741286754,"stop":1728741293523,"duration":6769}}]},"e6bfa1060ed540fe46447cb9f289f4e6":{"statistic":{"failed":0,"broken":1,"skipped":0,"passed":0,"unknown":0,"total":1},"items":[{"uid":"9efebad9ea17c3e3","status":"broken","statusDetails":"selenium.common.exceptions.NoSuchElementException: Message: no such element: Unable to locate element: {\"method\":\"xpath\",\"selector\":\"//button[@title='Save']\"}\n  (Session info: chrome=129.0.6668.90); For documentation on this error, please visit: https://www.selenium.dev/documentation/webdriver/troubleshooting/errors#no-such-element-exception\nStacktrace:\n\tGetHandleVerifier [0x00007FF75637B095+29557]\n\t(No symbol) [0x00007FF7562EFA50]\n\t(No symbol) [0x00007FF7561AB56A]\n\t(No symbol) [0x00007FF7561FF695]\n\t(No symbol) [0x00007FF7561FF8EC]\n\t(No symbol) [0x00007FF75624B777]\n\t(No symbol) [0x00007FF7562271CF]\n\t(No symbol) [0x00007FF75624851C]\n\t(No symbol) [0x00007FF756226F33]\n\t(No symbol) [0x00007FF7561F116F]\n\t(No symbol) [0x00007FF7561F22D1]\n\tGetHandleVerifier [0x00007FF7566AC96D+3378253]\n\tGetHandleVerifier [0x00007FF7566F8497+3688311]\n\tGetHandleVerifier [0x00007FF7566ED1CB+3642539]\n\tGetHandleVerifier [0x00007FF75643A6B6+813462]\n\t(No symbol) [0x00007FF7562FAB5F]\n\t(No symbol) [0x00007FF7562F6B74]\n\t(No symbol) [0x00007FF7562F6D10]\n\t(No symbol) [0x00007FF7562E5C1F]\n\tBaseThreadInitThunk [0x00007FFC3D90257D+29]\n\tRtlUserThreadStart [0x00007FFC3EE8AF28+40]","time":{"start":1728741344051,"stop":1728741350274,"duration":6223}}]},"2d904f4b42ad61db5cd841738e904322":{"statistic":{"failed":0,"broken":1,"skipped":0,"passed":0,"unknown":0,"total":1},"items":[{"uid":"9996d2ba5e1606da","status":"broken","statusDetails":"selenium.common.exceptions.NoSuchElementException: Message: no such element: Unable to locate element: {\"method\":\"xpath\",\"selector\":\"//span[text()='Му сonnection! v.2']\"}\n  (Session info: chrome=129.0.6668.90); For documentation on this error, please visit: https://www.selenium.dev/documentation/webdriver/troubleshooting/errors#no-such-element-exception\nStacktrace:\n\tGetHandleVerifier [0x00007FF75637B095+29557]\n\t(No symbol) [0x00007FF7562EFA50]\n\t(No symbol) [0x00007FF7561AB56A]\n\t(No symbol) [0x00007FF7561FF695]\n\t(No symbol) [0x00007FF7561FF8EC]\n\t(No symbol) [0x00007FF75624B777]\n\t(No symbol) [0x00007FF7562271CF]\n\t(No symbol) [0x00007FF75624851C]\n\t(No symbol) [0x00007FF756226F33]\n\t(No symbol) [0x00007FF7561F116F]\n\t(No symbol) [0x00007FF7561F22D1]\n\tGetHandleVerifier [0x00007FF7566AC96D+3378253]\n\tGetHandleVerifier [0x00007FF7566F8497+3688311]\n\tGetHandleVerifier [0x00007FF7566ED1CB+3642539]\n\tGetHandleVerifier [0x00007FF75643A6B6+813462]\n\t(No symbol) [0x00007FF7562FAB5F]\n\t(No symbol) [0x00007FF7562F6B74]\n\t(No symbol) [0x00007FF7562F6D10]\n\t(No symbol) [0x00007FF7562E5C1F]\n\tBaseThreadInitThunk [0x00007FFC3D90257D+29]\n\tRtlUserThreadStart [0x00007FFC3EE8AF28+40]","time":{"start":1728741323884,"stop":1728741330826,"duration":6942}}]},"ca890acf0c1d5d9b5ba442cba891fc36":{"statistic":{"failed":0,"broken":0,"skipped":0,"passed":1,"unknown":0,"total":1},"items":[{"uid":"83eb27c4b6378d9f","status":"passed","time":{"start":1728741398239,"stop":1728741416958,"duration":18719}}]},"759a99203effbdbf06f09e4764409695":{"statistic":{"failed":0,"broken":0,"skipped":0,"passed":1,"unknown":0,"total":1},"items":[{"uid":"4c25ef735c2454d8","status":"passed","time":{"start":1728741461432,"stop":1728741468412,"duration":6980}}]},"cc3ec7a98e22559b6524af3ef4aaf430":{"statistic":{"failed":0,"broken":0,"skipped":0,"passed":1,"unknown":0,"total":1},"items":[{"uid":"fd1352f65807eb73","status":"passed","time":{"start":1728741310541,"stop":1728741313331,"duration":2790}}]},"9cbd822c87c476767cee6cb63e1c3f74":{"statistic":{"failed":0,"broken":1,"skipped":0,"passed":0,"unknown":0,"total":1},"items":[{"uid":"824b9a07be7af63","status":"broken","statusDetails":"selenium.common.exceptions.NoSuchElementException: Message: no such element: Unable to locate element: {\"method\":\"xpath\",\"selector\":\"//button[@title='Save']\"}\n  (Session info: chrome=129.0.6668.90); For documentation on this error, please visit: https://www.selenium.dev/documentation/webdriver/troubleshooting/errors#no-such-element-exception\nStacktrace:\n\tGetHandleVerifier [0x00007FF75637B095+29557]\n\t(No symbol) [0x00007FF7562EFA50]\n\t(No symbol) [0x00007FF7561AB56A]\n\t(No symbol) [0x00007FF7561FF695]\n\t(No symbol) [0x00007FF7561FF8EC]\n\t(No symbol) [0x00007FF75624B777]\n\t(No symbol) [0x00007FF7562271CF]\n\t(No symbol) [0x00007FF75624851C]\n\t(No symbol) [0x00007FF756226F33]\n\t(No symbol) [0x00007FF7561F116F]\n\t(No symbol) [0x00007FF7561F22D1]\n\tGetHandleVerifier [0x00007FF7566AC96D+3378253]\n\tGetHandleVerifier [0x00007FF7566F8497+3688311]\n\tGetHandleVerifier [0x00007FF7566ED1CB+3642539]\n\tGetHandleVerifier [0x00007FF75643A6B6+813462]\n\t(No symbol) [0x00007FF7562FAB5F]\n\t(No symbol) [0x00007FF7562F6B74]\n\t(No symbol) [0x00007FF7562F6D10]\n\t(No symbol) [0x00007FF7562E5C1F]\n\tBaseThreadInitThunk [0x00007FFC3D90257D+29]\n\tRtlUserThreadStart [0x00007FFC3EE8AF28+40]","time":{"start":1728741337685,"stop":1728741344032,"duration":6347}}]},"af79488e0ae12ff2efe3dfa8247d59ca":{"statistic":{"failed":0,"broken":0,"skipped":0,"passed":1,"unknown":0,"total":1},"items":[{"uid":"e95feee47d85374f","status":"passed","time":{"start":1728741363149,"stop":1728741369971,"duration":6822}}]},"57412bd51c1b2a9f8b1460e3417a5208":{"statistic":{"failed":0,"broken":0,"skipped":0,"passed":1,"unknown":0,"total":1},"items":[{"uid":"9538c2198a9178ca","status":"passed","time":{"start":1728741359021,"stop":1728741363148,"duration":4127}}]},"f13111f05c461d79cc07b2d83a92aa3c":{"statistic":{"failed":0,"broken":0,"skipped":0,"passed":1,"unknown":0,"total":1},"items":[{"uid":"255acb1aeda56a93","status":"passed","time":{"start":1728741272808,"stop":1728741279343,"duration":6535}}]},"dfaa34d66558b0cb11ea615971df27de":{"statistic":{"failed":0,"broken":1,"skipped":0,"passed":0,"unknown":0,"total":1},"items":[{"uid":"f0dd5c161fd3c4af","status":"broken","statusDetails":"selenium.common.exceptions.NoSuchElementException: Message: no such element: Unable to locate element: {\"method\":\"xpath\",\"selector\":\"//button[@title='Му сonnection!']\"}\n  (Session info: chrome=129.0.6668.90); For documentation on this error, please visit: https://www.selenium.dev/documentation/webdriver/troubleshooting/errors#no-such-element-exception\nStacktrace:\n\tGetHandleVerifier [0x00007FF75637B095+29557]\n\t(No symbol) [0x00007FF7562EFA50]\n\t(No symbol) [0x00007FF7561AB56A]\n\t(No symbol) [0x00007FF7561FF695]\n\t(No symbol) [0x00007FF7561FF8EC]\n\t(No symbol) [0x00007FF75624B777]\n\t(No symbol) [0x00007FF7562271CF]\n\t(No symbol) [0x00007FF75624851C]\n\t(No symbol) [0x00007FF756226F33]\n\t(No symbol) [0x00007FF7561F116F]\n\t(No symbol) [0x00007FF7561F22D1]\n\tGetHandleVerifier [0x00007FF7566AC96D+3378253]\n\tGetHandleVerifier [0x00007FF7566F8497+3688311]\n\tGetHandleVerifier [0x00007FF7566ED1CB+3642539]\n\tGetHandleVerifier [0x00007FF75643A6B6+813462]\n\t(No symbol) [0x00007FF7562FAB5F]\n\t(No symbol) [0x00007FF7562F6B74]\n\t(No symbol) [0x00007FF7562F6D10]\n\t(No symbol) [0x00007FF7562E5C1F]\n\tBaseThreadInitThunk [0x00007FFC3D90257D+29]\n\tRtlUserThreadStart [0x00007FFC3EE8AF28+40]","time":{"start":1728741313333,"stop":1728741323748,"duration":10415}}]}}